INFO:     Started server process [69496]
INFO:     Waiting for application startup.
INFO:     Application startup complete.
INFO:     Uvicorn running on http://0.0.0.0:8000 (Press CTRL+C to quit)
INFO:     127.0.0.1:58690 - "GET /api/v1/admin/drivers/27622eaa-dca8-4483-81ac-90fba7a7f810/documents HTTP/1.1" 500 Internal Server Error
ERROR:    Exception in ASGI application
Traceback (most recent call last):
  File "/home/aymen/Desktop/GXS/.venv/lib/python3.12/site-packages/uvicorn/protocols/http/httptools_impl.py", line 421, in run_asgi
    result = await app(  # type: ignore[func-returns-value]
             ^^^^^^^^^^^^^^^^^^^^^^^^^^^^^^^^^^^^^^^^^^^^^^
  File "/home/aymen/Desktop/GXS/.venv/lib/python3.12/site-packages/uvicorn/middleware/proxy_headers.py", line 62, in __call__
    return await self.app(scope, receive, send)
           ^^^^^^^^^^^^^^^^^^^^^^^^^^^^^^^^^^^^
  File "/home/aymen/Desktop/GXS/.venv/lib/python3.12/site-packages/fastapi/applications.py", line 1163, in __call__
    await super().__call__(scope, receive, send)
  File "/home/aymen/Desktop/GXS/.venv/lib/python3.12/site-packages/starlette/applications.py", line 90, in __call__
    await self.middleware_stack(scope, receive, send)
  File "/home/aymen/Desktop/GXS/.venv/lib/python3.12/site-packages/starlette/middleware/errors.py", line 186, in __call__
    raise exc
  File "/home/aymen/Desktop/GXS/.venv/lib/python3.12/site-packages/starlette/middleware/errors.py", line 164, in __call__
    await self.app(scope, receive, _send)
  File "/home/aymen/Desktop/GXS/.venv/lib/python3.12/site-packages/starlette/middleware/exceptions.py", line 63, in __call__
    await wrap_app_handling_exceptions(self.app, conn)(scope, receive, send)
  File "/home/aymen/Desktop/GXS/.venv/lib/python3.12/site-packages/starlette/_exception_handler.py", line 53, in wrapped_app
    raise exc
  File "/home/aymen/Desktop/GXS/.venv/lib/python3.12/site-packages/starlette/_exception_handler.py", line 42, in wrapped_app
    await app(scope, receive, sender)
  File "/home/aymen/Desktop/GXS/.venv/lib/python3.12/site-packages/fastapi/middleware/asyncexitstack.py", line 18, in __call__
    await self.app(scope, receive, send)
  File "/home/aymen/Desktop/GXS/.venv/lib/python3.12/site-packages/starlette/routing.py", line 660, in __call__
    await self.middleware_stack(scope, receive, send)
  File "/home/aymen/Desktop/GXS/.venv/lib/python3.12/site-packages/fastapi/routing.py", line 2531, in app
    await route.handle(scope, receive, send)
  File "/home/aymen/Desktop/GXS/.venv/lib/python3.12/site-packages/fastapi/routing.py", line 1700, in handle
    await self.original_router.handle(scope, receive, send)
  File "/home/aymen/Desktop/GXS/.venv/lib/python3.12/site-packages/fastapi/routing.py", line 2586, in handle
    await included_router._handle_selected(scope, receive, send)
  File "/home/aymen/Desktop/GXS/.venv/lib/python3.12/site-packages/fastapi/routing.py", line 1711, in _handle_selected
    await route.handle(scope, receive, send)
  File "/home/aymen/Desktop/GXS/.venv/lib/python3.12/site-packages/fastapi/routing.py", line 1700, in handle
    await self.original_router.handle(scope, receive, send)
  File "/home/aymen/Desktop/GXS/.venv/lib/python3.12/site-packages/fastapi/routing.py", line 2586, in handle
    await included_router._handle_selected(scope, receive, send)
  File "/home/aymen/Desktop/GXS/.venv/lib/python3.12/site-packages/fastapi/routing.py", line 1720, in _handle_selected
    await original_route.handle(scope, receive, send)
  File "/home/aymen/Desktop/GXS/.venv/lib/python3.12/site-packages/fastapi/routing.py", line 1239, in handle
    await app(scope, receive, send)
  File "/home/aymen/Desktop/GXS/.venv/lib/python3.12/site-packages/fastapi/routing.py", line 150, in app
    await wrap_app_handling_exceptions(app, request)(scope, receive, send)
  File "/home/aymen/Desktop/GXS/.venv/lib/python3.12/site-packages/starlette/_exception_handler.py", line 53, in wrapped_app
    raise exc
  File "/home/aymen/Desktop/GXS/.venv/lib/python3.12/site-packages/starlette/_exception_handler.py", line 42, in wrapped_app
    await app(scope, receive, sender)
  File "/home/aymen/Desktop/GXS/.venv/lib/python3.12/site-packages/fastapi/routing.py", line 136, in app
    response = await f(request)
               ^^^^^^^^^^^^^^^^
  File "/home/aymen/Desktop/GXS/.venv/lib/python3.12/site-packages/fastapi/routing.py", line 690, in app
    raw_response = await run_endpoint_function(
                   ^^^^^^^^^^^^^^^^^^^^^^^^^^^^
  File "/home/aymen/Desktop/GXS/.venv/lib/python3.12/site-packages/fastapi/routing.py", line 346, in run_endpoint_function
    return await run_in_threadpool(dependant.call, **values)
           ^^^^^^^^^^^^^^^^^^^^^^^^^^^^^^^^^^^^^^^^^^^^^^^^^
  File "/home/aymen/Desktop/GXS/.venv/lib/python3.12/site-packages/starlette/concurrency.py", line 34, in run_in_threadpool
    return await anyio.to_thread.run_sync(func)
           ^^^^^^^^^^^^^^^^^^^^^^^^^^^^^^^^^^^^
  File "/home/aymen/Desktop/GXS/.venv/lib/python3.12/site-packages/anyio/to_thread.py", line 63, in run_sync
    return await get_async_backend().run_sync_in_worker_thread(
           ^^^^^^^^^^^^^^^^^^^^^^^^^^^^^^^^^^^^^^^^^^^^^^^^^^^^
  File "/home/aymen/Desktop/GXS/.venv/lib/python3.12/site-packages/anyio/_backends/_asyncio.py", line 2596, in run_sync_in_worker_thread
    return await future
           ^^^^^^^^^^^^
  File "/home/aymen/Desktop/GXS/.venv/lib/python3.12/site-packages/anyio/_backends/_asyncio.py", line 1029, in run
    result = context.run(func, *args)
             ^^^^^^^^^^^^^^^^^^^^^^^^
  File "/home/aymen/Desktop/GXS/backend/app/api/v1/endpoints/admin.py", line 88, in get_driver_documents_endpoint
    _require_admin(authorization)
  File "/home/aymen/Desktop/GXS/backend/app/api/v1/endpoints/admin.py", line 47, in _require_admin
    if user_response.user is None:
       ^^^^^^^^^^^^^^^^^^
AttributeError: 'NoneType' object has no attribute 'user'
INFO:     127.0.0.1:37334 - "POST /api/v1/auth/login HTTP/1.1" 200 OK
INFO:     127.0.0.1:49818 - "GET /api/v1/admin/drivers/27622eaa-dca8-4483-81ac-90fba7a7f810/documents HTTP/1.1" 200 OK
INFO:     127.0.0.1:35528 - "PATCH /api/v1/admin/drivers/27622eaa-dca8-4483-81ac-90fba7a7f810/documents/bde8f4e3-785d-430d-9616-5a137bf2938e/status HTTP/1.1" 200 OK
